{"/Users/lenkasilna/Documents/calculation/src/components/calculation/CalculationGrid.tsx": {"path":"/Users/lenkasilna/Documents/calculation/src/components/calculation/CalculationGrid.tsx","statementMap":{"0":{"start":{"line":2,"column":0},"end":{"line":2,"column":52}},"1":{"start":{"line":10,"column":63},"end":{"line":18,"column":1}},"2":{"start":{"line":11,"column":2},"end":{"line":17,"column":4}},"3":{"start":{"line":14,"column":8},"end":{"line":14,"column":46}},"4":{"start":{"line":10,"column":13},"end":{"line":10,"column":63}}},"fnMap":{"0":{"name":"(anonymous_0)","decl":{"start":{"line":10,"column":63},"end":{"line":10,"column":64}},"loc":{"start":{"line":10,"column":94},"end":{"line":18,"column":1}}},"1":{"name":"(anonymous_1)","decl":{"start":{"line":13,"column":24},"end":{"line":13,"column":25}},"loc":{"start":{"line":14,"column":8},"end":{"line":14,"column":46}}}},"branchMap":{},"s":{"0":2,"1":2,"2":4,"3":5,"4":2},"f":{"0":4,"1":5},"b":{}}
,"/Users/lenkasilna/Documents/calculation/src/components/calculation/CalculationItem.tsx": {"path":"/Users/lenkasilna/Documents/calculation/src/components/calculation/CalculationItem.tsx","statementMap":{"0":{"start":{"line":2,"column":0},"end":{"line":2,"column":33}},"1":{"start":{"line":3,"column":0},"end":{"line":3,"column":73}},"2":{"start":{"line":11,"column":63},"end":{"line":47,"column":1}},"3":{"start":{"line":12,"column":30},"end":{"line":12,"column":50}},"4":{"start":{"line":14,"column":24},"end":{"line":18,"column":3}},"5":{"start":{"line":15,"column":4},"end":{"line":17,"column":5}},"6":{"start":{"line":16,"column":6},"end":{"line":16,"column":53}},"7":{"start":{"line":20,"column":2},"end":{"line":46,"column":4}},"8":{"start":{"line":36,"column":27},"end":{"line":36,"column":52}},"9":{"start":{"line":11,"column":13},"end":{"line":11,"column":63}}},"fnMap":{"0":{"name":"(anonymous_0)","decl":{"start":{"line":11,"column":63},"end":{"line":11,"column":64}},"loc":{"start":{"line":11,"column":93},"end":{"line":47,"column":1}}},"1":{"name":"(anonymous_1)","decl":{"start":{"line":14,"column":24},"end":{"line":14,"column":25}},"loc":{"start":{"line":14,"column":69},"end":{"line":18,"column":3}}},"2":{"name":"(anonymous_2)","decl":{"start":{"line":36,"column":20},"end":{"line":36,"column":21}},"loc":{"start":{"line":36,"column":27},"end":{"line":36,"column":52}}}},"branchMap":{"0":{"loc":{"start":{"line":15,"column":4},"end":{"line":17,"column":5}},"type":"if","locations":[{"start":{"line":15,"column":4},"end":{"line":17,"column":5}}]},"1":{"loc":{"start":{"line":15,"column":8},"end":{"line":15,"column":63}},"type":"binary-expr","locations":[{"start":{"line":15,"column":8},"end":{"line":15,"column":25}},{"start":{"line":15,"column":29},"end":{"line":15,"column":53}},{"start":{"line":15,"column":57},"end":{"line":15,"column":63}}]},"2":{"loc":{"start":{"line":23,"column":10},"end":{"line":23,"column":79}},"type":"cond-expr","locations":[{"start":{"line":23,"column":61},"end":{"line":23,"column":74}},{"start":{"line":23,"column":77},"end":{"line":23,"column":79}}]},"3":{"loc":{"start":{"line":23,"column":10},"end":{"line":23,"column":58}},"type":"binary-expr","locations":[{"start":{"line":23,"column":10},"end":{"line":23,"column":33}},{"start":{"line":23,"column":37},"end":{"line":23,"column":58}}]},"4":{"loc":{"start":{"line":24,"column":10},"end":{"line":24,"column":78}},"type":"cond-expr","locations":[{"start":{"line":24,"column":62},"end":{"line":24,"column":73}},{"start":{"line":24,"column":76},"end":{"line":24,"column":78}}]},"5":{"loc":{"start":{"line":24,"column":10},"end":{"line":24,"column":59}},"type":"binary-expr","locations":[{"start":{"line":24,"column":10},"end":{"line":24,"column":33}},{"start":{"line":24,"column":37},"end":{"line":24,"column":59}}]}},"s":{"0":3,"1":3,"2":3,"3":10,"4":10,"5":1,"6":1,"7":10,"8":2,"9":3},"f":{"0":10,"1":1,"2":2},"b":{"0":[1],"1":[1,1,1],"2":[0,10],"3":[10,3],"4":[3,7],"5":[10,3]}}
,"/Users/lenkasilna/Documents/calculation/src/components/common/Stopwatch.tsx": {"path":"/Users/lenkasilna/Documents/calculation/src/components/common/Stopwatch.tsx","statementMap":{"0":{"start":{"line":2,"column":0},"end":{"line":2,"column":37}},"1":{"start":{"line":3,"column":0},"end":{"line":3,"column":52}},"2":{"start":{"line":10,"column":51},"end":{"line":19,"column":1}},"3":{"start":{"line":11,"column":2},"end":{"line":18,"column":4}},"4":{"start":{"line":10,"column":13},"end":{"line":10,"column":51}}},"fnMap":{"0":{"name":"(anonymous_0)","decl":{"start":{"line":10,"column":51},"end":{"line":10,"column":52}},"loc":{"start":{"line":10,"column":76},"end":{"line":19,"column":1}}}},"branchMap":{"0":{"loc":{"start":{"line":13,"column":52},"end":{"line":13,"column":96}},"type":"cond-expr","locations":[{"start":{"line":13,"column":65},"end":{"line":13,"column":91}},{"start":{"line":13,"column":94},"end":{"line":13,"column":96}}]}},"s":{"0":1,"1":1,"2":1,"3":2,"4":1},"f":{"0":2},"b":{"0":[1,1]}}
,"/Users/lenkasilna/Documents/calculation/src/constants/index.ts": {"path":"/Users/lenkasilna/Documents/calculation/src/constants/index.ts","statementMap":{"0":{"start":{"line":1,"column":13},"end":{"line":1,"column":35}},"1":{"start":{"line":2,"column":13},"end":{"line":2,"column":35}},"2":{"start":{"line":3,"column":13},"end":{"line":3,"column":39}},"3":{"start":{"line":5,"column":13},"end":{"line":5,"column":50}},"4":{"start":{"line":7,"column":13},"end":{"line":10,"column":11}},"5":{"start":{"line":12,"column":13},"end":{"line":16,"column":11}},"6":{"start":{"line":18,"column":13},"end":{"line":22,"column":11}}},"fnMap":{},"branchMap":{},"s":{"0":2,"1":2,"2":2,"3":2,"4":2,"5":2,"6":2},"f":{},"b":{}}
,"/Users/lenkasilna/Documents/calculation/src/pages/Calculations.tsx": {"path":"/Users/lenkasilna/Documents/calculation/src/pages/Calculations.tsx","statementMap":{"0":{"start":{"line":2,"column":0},"end":{"line":2,"column":34}},"1":{"start":{"line":3,"column":0},"end":{"line":3,"column":60}},"2":{"start":{"line":4,"column":0},"end":{"line":4,"column":79}},"3":{"start":{"line":5,"column":0},"end":{"line":5,"column":55}},"4":{"start":{"line":6,"column":0},"end":{"line":6,"column":76}},"5":{"start":{"line":7,"column":0},"end":{"line":7,"column":53}},"6":{"start":{"line":8,"column":0},"end":{"line":8,"column":59}},"7":{"start":{"line":10,"column":38},"end":{"line":97,"column":1}},"8":{"start":{"line":11,"column":19},"end":{"line":11,"column":32}},"9":{"start":{"line":12,"column":19},"end":{"line":12,"column":32}},"10":{"start":{"line":13,"column":26},"end":{"line":13,"column":63}},"11":{"start":{"line":15,"column":32},"end":{"line":15,"column":51}},"12":{"start":{"line":16,"column":54},"end":{"line":16,"column":86}},"13":{"start":{"line":18,"column":2},"end":{"line":20,"column":14}},"14":{"start":{"line":19,"column":4},"end":{"line":19,"column":12}},"15":{"start":{"line":22,"column":2},"end":{"line":26,"column":26}},"16":{"start":{"line":23,"column":4},"end":{"line":25,"column":5}},"17":{"start":{"line":24,"column":6},"end":{"line":24,"column":13}},"18":{"start":{"line":28,"column":20},"end":{"line":28,"column":74}},"19":{"start":{"line":28,"column":50},"end":{"line":28,"column":66}},"20":{"start":{"line":29,"column":19},"end":{"line":29,"column":54}},"21":{"start":{"line":31,"column":24},"end":{"line":31,"column":93}},"22":{"start":{"line":33,"column":2},"end":{"line":96,"column":4}},"23":{"start":{"line":36,"column":35},"end":{"line":36,"column":48}},"24":{"start":{"line":81,"column":27},"end":{"line":81,"column":40}},"25":{"start":{"line":88,"column":27},"end":{"line":88,"column":84}},"26":{"start":{"line":10,"column":13},"end":{"line":10,"column":38}}},"fnMap":{"0":{"name":"(anonymous_0)","decl":{"start":{"line":10,"column":38},"end":{"line":10,"column":41}},"loc":{"start":{"line":10,"column":43},"end":{"line":97,"column":1}}},"1":{"name":"(anonymous_1)","decl":{"start":{"line":18,"column":12},"end":{"line":18,"column":15}},"loc":{"start":{"line":18,"column":17},"end":{"line":20,"column":3}}},"2":{"name":"(anonymous_2)","decl":{"start":{"line":22,"column":12},"end":{"line":22,"column":15}},"loc":{"start":{"line":22,"column":17},"end":{"line":26,"column":3}}},"3":{"name":"(anonymous_3)","decl":{"start":{"line":28,"column":40},"end":{"line":28,"column":41}},"loc":{"start":{"line":28,"column":50},"end":{"line":28,"column":66}}},"4":{"name":"(anonymous_4)","decl":{"start":{"line":36,"column":29},"end":{"line":36,"column":32}},"loc":{"start":{"line":36,"column":35},"end":{"line":36,"column":48}}},"5":{"name":"(anonymous_5)","decl":{"start":{"line":81,"column":21},"end":{"line":81,"column":24}},"loc":{"start":{"line":81,"column":27},"end":{"line":81,"column":40}}},"6":{"name":"(anonymous_6)","decl":{"start":{"line":88,"column":21},"end":{"line":88,"column":24}},"loc":{"start":{"line":88,"column":27},"end":{"line":88,"column":84}}}},"branchMap":{"0":{"loc":{"start":{"line":13,"column":26},"end":{"line":13,"column":63}},"type":"binary-expr","locations":[{"start":{"line":13,"column":26},"end":{"line":13,"column":57}},{"start":{"line":13,"column":61},"end":{"line":13,"column":63}}]},"1":{"loc":{"start":{"line":23,"column":4},"end":{"line":25,"column":5}},"type":"if","locations":[{"start":{"line":23,"column":4},"end":{"line":25,"column":5}}]},"2":{"loc":{"start":{"line":41,"column":66},"end":{"line":41,"column":124}},"type":"cond-expr","locations":[{"start":{"line":41,"column":80},"end":{"line":41,"column":106}},{"start":{"line":41,"column":109},"end":{"line":41,"column":124}}]},"3":{"loc":{"start":{"line":74,"column":7},"end":{"line":93,"column":null}},"type":"binary-expr","locations":[{"start":{"line":74,"column":7},"end":{"line":74,"column":18}},{"start":{"line":75,"column":8},"end":{"line":92,"column":null}}]}},"s":{"0":1,"1":1,"2":1,"3":1,"4":1,"5":1,"6":1,"7":1,"8":3,"9":3,"10":3,"11":3,"12":3,"13":3,"14":3,"15":3,"16":3,"17":1,"18":3,"19":5,"20":3,"21":3,"22":3,"23":0,"24":0,"25":0,"26":1},"f":{"0":3,"1":3,"2":3,"3":5,"4":0,"5":0,"6":0},"b":{"0":[3,0],"1":[1],"2":[1,2],"3":[3,1]}}
,"/Users/lenkasilna/Documents/calculation/src/pages/Home.tsx": {"path":"/Users/lenkasilna/Documents/calculation/src/pages/Home.tsx","statementMap":{"0":{"start":{"line":2,"column":0},"end":{"line":2,"column":33}},"1":{"start":{"line":3,"column":0},"end":{"line":3,"column":47}},"2":{"start":{"line":4,"column":0},"end":{"line":4,"column":81}},"3":{"start":{"line":5,"column":0},"end":{"line":5,"column":48}},"4":{"start":{"line":6,"column":0},"end":{"line":6,"column":88}},"5":{"start":{"line":8,"column":30},"end":{"line":58,"column":1}},"6":{"start":{"line":9,"column":48},"end":{"line":9,"column":78}},"7":{"start":{"line":10,"column":19},"end":{"line":10,"column":32}},"8":{"start":{"line":12,"column":22},"end":{"line":14,"column":3}},"9":{"start":{"line":13,"column":4},"end":{"line":13,"column":62}},"10":{"start":{"line":16,"column":2},"end":{"line":57,"column":4}},"11":{"start":{"line":37,"column":31},"end":{"line":37,"column":73}},"12":{"start":{"line":8,"column":13},"end":{"line":8,"column":30}}},"fnMap":{"0":{"name":"(anonymous_0)","decl":{"start":{"line":8,"column":30},"end":{"line":8,"column":33}},"loc":{"start":{"line":8,"column":35},"end":{"line":58,"column":1}}},"1":{"name":"(anonymous_1)","decl":{"start":{"line":12,"column":22},"end":{"line":12,"column":25}},"loc":{"start":{"line":12,"column":27},"end":{"line":14,"column":3}}},"2":{"name":"(anonymous_2)","decl":{"start":{"line":37,"column":24},"end":{"line":37,"column":25}},"loc":{"start":{"line":37,"column":31},"end":{"line":37,"column":73}}}},"branchMap":{"0":{"loc":{"start":{"line":48,"column":24},"end":{"line":48,"column":96}},"type":"binary-expr","locations":[{"start":{"line":48,"column":24},"end":{"line":48,"column":58}},{"start":{"line":48,"column":62},"end":{"line":48,"column":96}}]}},"s":{"0":1,"1":1,"2":1,"3":1,"4":1,"5":1,"6":4,"7":4,"8":4,"9":0,"10":4,"11":2,"12":1},"f":{"0":4,"1":0,"2":2},"b":{"0":[4,3]}}
,"/Users/lenkasilna/Documents/calculation/src/utils/calculationGenerator.ts": {"path":"/Users/lenkasilna/Documents/calculation/src/utils/calculationGenerator.ts","statementMap":{"0":{"start":{"line":2,"column":0},"end":{"line":2,"column":55}},"1":{"start":{"line":3,"column":0},"end":{"line":3,"column":36}},"2":{"start":{"line":5,"column":23},"end":{"line":7,"column":1}},"3":{"start":{"line":6,"column":2},"end":{"line":6,"column":59}},"4":{"start":{"line":9,"column":24},"end":{"line":20,"column":1}},"5":{"start":{"line":10,"column":2},"end":{"line":19,"column":3}},"6":{"start":{"line":12,"column":6},"end":{"line":12,"column":19}},"7":{"start":{"line":14,"column":6},"end":{"line":14,"column":19}},"8":{"start":{"line":16,"column":6},"end":{"line":16,"column":19}},"9":{"start":{"line":18,"column":6},"end":{"line":18,"column":42}},"10":{"start":{"line":22,"column":36},"end":{"line":39,"column":1}},"11":{"start":{"line":23,"column":2},"end":{"line":38,"column":7}},"12":{"start":{"line":26,"column":16},"end":{"line":26,"column":66}},"13":{"start":{"line":27,"column":16},"end":{"line":27,"column":66}},"14":{"start":{"line":28,"column":23},"end":{"line":28,"column":90}},"15":{"start":{"line":30,"column":6},"end":{"line":37,"column":8}},"16":{"start":{"line":22,"column":13},"end":{"line":22,"column":36}},"17":{"start":{"line":41,"column":26},"end":{"line":45,"column":1}},"18":{"start":{"line":42,"column":18},"end":{"line":42,"column":42}},"19":{"start":{"line":43,"column":27},"end":{"line":43,"column":39}},"20":{"start":{"line":44,"column":2},"end":{"line":44,"column":70}},"21":{"start":{"line":41,"column":13},"end":{"line":41,"column":26}}},"fnMap":{"0":{"name":"(anonymous_0)","decl":{"start":{"line":5,"column":23},"end":{"line":5,"column":24}},"loc":{"start":{"line":5,"column":60},"end":{"line":7,"column":1}}},"1":{"name":"(anonymous_1)","decl":{"start":{"line":9,"column":24},"end":{"line":9,"column":25}},"loc":{"start":{"line":9,"column":77},"end":{"line":20,"column":1}}},"2":{"name":"(anonymous_2)","decl":{"start":{"line":22,"column":36},"end":{"line":22,"column":37}},"loc":{"start":{"line":22,"column":69},"end":{"line":39,"column":1}}},"3":{"name":"(anonymous_3)","decl":{"start":{"line":25,"column":9},"end":{"line":25,"column":12}},"loc":{"start":{"line":25,"column":14},"end":{"line":38,"column":5}}},"4":{"name":"(anonymous_4)","decl":{"start":{"line":41,"column":26},"end":{"line":41,"column":27}},"loc":{"start":{"line":41,"column":54},"end":{"line":45,"column":1}}}},"branchMap":{"0":{"loc":{"start":{"line":10,"column":2},"end":{"line":19,"column":3}},"type":"switch","locations":[{"start":{"line":11,"column":4},"end":{"line":12,"column":19}},{"start":{"line":13,"column":4},"end":{"line":14,"column":19}},{"start":{"line":15,"column":4},"end":{"line":16,"column":19}},{"start":{"line":17,"column":4},"end":{"line":18,"column":42}}]}},"s":{"0":1,"1":1,"2":1,"3":62,"4":1,"5":31,"6":12,"7":7,"8":12,"9":0,"10":1,"11":3,"12":31,"13":31,"14":31,"15":31,"16":1,"17":1,"18":0,"19":0,"20":0,"21":1},"f":{"0":62,"1":31,"2":3,"3":31,"4":0},"b":{"0":[12,7,12,0]}}
,"/Users/lenkasilna/Documents/calculation/src/utils/formatTime.ts": {"path":"/Users/lenkasilna/Documents/calculation/src/utils/formatTime.ts","statementMap":{"0":{"start":{"line":1,"column":26},"end":{"line":6,"column":1}},"1":{"start":{"line":2,"column":18},"end":{"line":2,"column":42}},"2":{"start":{"line":3,"column":27},"end":{"line":3,"column":39}},"3":{"start":{"line":5,"column":2},"end":{"line":5,"column":70}},"4":{"start":{"line":1,"column":13},"end":{"line":1,"column":26}}},"fnMap":{"0":{"name":"(anonymous_0)","decl":{"start":{"line":1,"column":26},"end":{"line":1,"column":27}},"loc":{"start":{"line":1,"column":54},"end":{"line":6,"column":1}}}},"branchMap":{},"s":{"0":2,"1":6,"2":6,"3":6,"4":2},"f":{"0":6},"b":{}}
}
