TN:
SF:src/components/calculation/CalculationGrid.tsx
FN:10,(anonymous_0)
FN:13,(anonymous_1)
FNF:2
FNH:2
FNDA:4,(anonymous_0)
FNDA:5,(anonymous_1)
DA:2,2
DA:10,2
DA:11,4
DA:14,5
LF:4
LH:4
BRF:0
BRH:0
end_of_record
TN:
SF:src/components/calculation/CalculationItem.tsx
FN:11,(anonymous_0)
FN:14,(anonymous_1)
FN:36,(anonymous_2)
FNF:3
FNH:3
FNDA:10,(anonymous_0)
FNDA:1,(anonymous_1)
FNDA:2,(anonymous_2)
DA:2,3
DA:3,3
DA:11,3
DA:12,10
DA:14,10
DA:15,1
DA:16,1
DA:20,10
DA:36,2
LF:9
LH:9
BRDA:15,0,0,1
BRDA:15,1,0,1
BRDA:15,1,1,1
BRDA:15,1,2,1
BRDA:23,2,0,0
BRDA:23,2,1,10
BRDA:23,3,0,10
BRDA:23,3,1,3
BRDA:24,4,0,3
BRDA:24,4,1,7
BRDA:24,5,0,10
BRDA:24,5,1,3
BRF:12
BRH:11
end_of_record
TN:
SF:src/components/common/Stopwatch.tsx
FN:10,(anonymous_0)
FNF:1
FNH:1
FNDA:2,(anonymous_0)
DA:2,1
DA:3,1
DA:10,1
DA:11,2
LF:4
LH:4
BRDA:13,0,0,1
BRDA:13,0,1,1
BRF:2
BRH:2
end_of_record
TN:
SF:src/constants/index.ts
FNF:0
FNH:0
DA:1,2
DA:2,2
DA:3,2
DA:5,2
DA:7,2
DA:12,2
DA:18,2
LF:7
LH:7
BRF:0
BRH:0
end_of_record
TN:
SF:src/pages/Calculations.tsx
FN:10,(anonymous_0)
FN:18,(anonymous_1)
FN:22,(anonymous_2)
FN:28,(anonymous_3)
FN:36,(anonymous_4)
FN:81,(anonymous_5)
FN:88,(anonymous_6)
FNF:7
FNH:4
FNDA:3,(anonymous_0)
FNDA:3,(anonymous_1)
FNDA:3,(anonymous_2)
FNDA:5,(anonymous_3)
FNDA:0,(anonymous_4)
FNDA:0,(anonymous_5)
FNDA:0,(anonymous_6)
DA:2,1
DA:3,1
DA:4,1
DA:5,1
DA:6,1
DA:7,1
DA:8,1
DA:10,1
DA:11,3
DA:12,3
DA:13,3
DA:15,3
DA:16,3
DA:18,3
DA:19,3
DA:22,3
DA:23,3
DA:24,1
DA:28,5
DA:29,3
DA:31,3
DA:33,3
DA:36,0
DA:81,0
DA:88,0
LF:25
LH:22
BRDA:13,0,0,3
BRDA:13,0,1,0
BRDA:23,1,0,1
BRDA:41,2,0,1
BRDA:41,2,1,2
BRDA:74,3,0,3
BRDA:74,3,1,1
BRF:7
BRH:6
end_of_record
TN:
SF:src/pages/Home.tsx
FN:8,(anonymous_0)
FN:12,(anonymous_1)
FN:37,(anonymous_2)
FNF:3
FNH:2
FNDA:4,(anonymous_0)
FNDA:0,(anonymous_1)
FNDA:2,(anonymous_2)
DA:2,1
DA:3,1
DA:4,1
DA:5,1
DA:6,1
DA:8,1
DA:9,4
DA:10,4
DA:12,4
DA:13,0
DA:16,4
DA:37,2
LF:12
LH:11
BRDA:48,0,0,4
BRDA:48,0,1,3
BRF:2
BRH:2
end_of_record
TN:
SF:src/utils/calculationGenerator.ts
FN:5,(anonymous_0)
FN:9,(anonymous_1)
FN:22,(anonymous_2)
FN:25,(anonymous_3)
FN:41,(anonymous_4)
FNF:5
FNH:4
FNDA:62,(anonymous_0)
FNDA:31,(anonymous_1)
FNDA:3,(anonymous_2)
FNDA:31,(anonymous_3)
FNDA:0,(anonymous_4)
DA:2,1
DA:3,1
DA:5,1
DA:6,62
DA:9,1
DA:10,31
DA:12,12
DA:14,7
DA:16,12
DA:18,0
DA:22,1
DA:23,3
DA:26,31
DA:27,31
DA:28,31
DA:30,31
DA:41,1
DA:42,0
DA:43,0
DA:44,0
LF:20
LH:16
BRDA:10,0,0,12
BRDA:10,0,1,7
BRDA:10,0,2,12
BRDA:10,0,3,0
BRF:4
BRH:3
end_of_record
TN:
SF:src/utils/formatTime.ts
FN:1,(anonymous_0)
FNF:1
FNH:1
FNDA:6,(anonymous_0)
DA:1,2
DA:2,6
DA:3,6
DA:5,6
LF:4
LH:4
BRF:0
BRH:0
end_of_record
